This file contains any messages produced by compilers while
running configure, to aid debugging if configure makes a mistake.

It was created by configure, which was
generated by GNU Autoconf 2.69.  Invocation command line was

  $ ./configure --prefix=/usr --with-php-config=/usr/bin/php-config7

## --------- ##
## Platform. ##
## --------- ##

hostname = 191f0577d746
uname -m = x86_64
uname -r = 4.13.12-1-ARCH
uname -s = Linux
uname -v = #1 SMP PREEMPT Wed Nov 8 11:54:06 CET 2017

/usr/bin/uname -p = unknown
/bin/uname -X     = unknown

/bin/arch              = unknown
/usr/bin/arch -k       = unknown
/usr/convex/getsysinfo = unknown
/usr/bin/hostinfo      = unknown
/bin/machine           = unknown
/usr/bin/oslevel       = unknown
/bin/universe          = unknown

PATH: /usr/local/sbin
PATH: /usr/local/bin
PATH: /usr/sbin
PATH: /usr/bin
PATH: /sbin
PATH: /bin


## ----------- ##
## Core tests. ##
## ----------- ##

configure:2294: checking for grep that handles long lines and -e
configure:2352: result: /bin/grep
configure:2357: checking for egrep
configure:2419: result: /bin/grep -E
configure:2424: checking for a sed that does not truncate output
configure:2478: result: /bin/sed
configure:2673: checking for C compiler version
configure:2682: gcc --version >&5
gcc (Alpine 6.3.0) 6.3.0
Copyright (C) 2016 Free Software Foundation, Inc.
This is free software; see the source for copying conditions.  There is NO
warranty; not even for MERCHANTABILITY or FITNESS FOR A PARTICULAR PURPOSE.

configure:2693: $? = 0
configure:2682: gcc -v >&5
Using built-in specs.
COLLECT_GCC=gcc
COLLECT_LTO_WRAPPER=/usr/libexec/gcc/x86_64-alpine-linux-musl/6.3.0/lto-wrapper
Target: x86_64-alpine-linux-musl
Configured with: /home/buildozer/aports/main/gcc/src/gcc-6.3.0/configure --prefix=/usr --mandir=/usr/share/man --infodir=/usr/share/info --build=x86_64-alpine-linux-musl --host=x86_64-alpine-linux-musl --target=x86_64-alpine-linux-musl --with-pkgversion='Alpine 6.3.0' --enable-checking=release --disable-fixed-point --disable-libstdcxx-pch --disable-multilib --disable-nls --disable-werror --disable-symvers --enable-__cxa_atexit --enable-default-pie --enable-cloog-backend --enable-languages=c,c++,objc,java,fortran,ada --disable-libssp --disable-libmpx --disable-libmudflap --disable-libsanitizer --enable-shared --enable-threads --enable-tls --with-system-zlib --with-linker-hash-style=gnu
Thread model: posix
gcc version 6.3.0 (Alpine 6.3.0) 
configure:2693: $? = 0
configure:2682: gcc -V >&5
gcc: error: unrecognized command line option '-V'
gcc: fatal error: no input files
compilation terminated.
configure:2693: $? = 1
configure:2682: gcc -qversion >&5
gcc: error: unrecognized command line option '-qversion'; did you mean '--version'?
gcc: fatal error: no input files
compilation terminated.
configure:2693: $? = 1
configure:2713: checking whether the C compiler works
configure:2735: gcc -Os -fomit-frame-pointer -Os -fomit-frame-pointer -Wl,--as-needed conftest.c  >&5
configure:2739: $? = 0
configure:2787: result: yes
configure:2790: checking for C compiler default output file name
configure:2792: result: a.out
configure:2798: checking for suffix of executables
configure:2805: gcc -o conftest -Os -fomit-frame-pointer -Os -fomit-frame-pointer -Wl,--as-needed conftest.c  >&5
configure:2809: $? = 0
configure:2831: result: 
configure:2853: checking whether we are cross compiling
configure:2861: gcc -o conftest -Os -fomit-frame-pointer -Os -fomit-frame-pointer -Wl,--as-needed conftest.c  >&5
configure:2865: $? = 0
configure:2872: ./conftest
configure:2876: $? = 0
configure:2891: result: no
configure:2896: checking for suffix of object files
configure:2918: gcc -c -Os -fomit-frame-pointer -Os -fomit-frame-pointer conftest.c >&5
configure:2922: $? = 0
configure:2943: result: o
configure:2947: checking whether we are using the GNU C compiler
configure:2966: gcc -c -Os -fomit-frame-pointer -Os -fomit-frame-pointer conftest.c >&5
configure:2966: $? = 0
configure:2975: result: yes
configure:2984: checking whether gcc accepts -g
configure:3004: gcc -c -g -Os -fomit-frame-pointer conftest.c >&5
configure:3004: $? = 0
configure:3045: result: yes
configure:3062: checking for gcc option to accept ISO C89
configure:3125: gcc  -c -Os -fomit-frame-pointer -Os -fomit-frame-pointer conftest.c >&5
configure:3125: $? = 0
configure:3138: result: none needed
configure:3164: checking how to run the C preprocessor
configure:3195: gcc -E -Os -fomit-frame-pointer conftest.c
configure:3195: $? = 0
configure:3209: gcc -E -Os -fomit-frame-pointer conftest.c
conftest.c:9:28: fatal error: ac_nonexistent.h: No such file or directory
 #include <ac_nonexistent.h>
                            ^
compilation terminated.
configure:3209: $? = 1
configure: failed program was:
| /* confdefs.h */
| #define PACKAGE_NAME ""
| #define PACKAGE_TARNAME ""
| #define PACKAGE_VERSION ""
| #define PACKAGE_STRING ""
| #define PACKAGE_BUGREPORT ""
| #define PACKAGE_URL ""
| /* end confdefs.h.  */
| #include <ac_nonexistent.h>
configure:3234: result: gcc -E
configure:3254: gcc -E -Os -fomit-frame-pointer conftest.c
configure:3254: $? = 0
configure:3268: gcc -E -Os -fomit-frame-pointer conftest.c
conftest.c:9:28: fatal error: ac_nonexistent.h: No such file or directory
 #include <ac_nonexistent.h>
                            ^
compilation terminated.
configure:3268: $? = 1
configure: failed program was:
| /* confdefs.h */
| #define PACKAGE_NAME ""
| #define PACKAGE_TARNAME ""
| #define PACKAGE_VERSION ""
| #define PACKAGE_STRING ""
| #define PACKAGE_BUGREPORT ""
| #define PACKAGE_URL ""
| /* end confdefs.h.  */
| #include <ac_nonexistent.h>
configure:3299: checking for icc
configure:3308: result: no
configure:3322: checking for suncc
configure:3331: result: no
configure:3346: checking whether gcc and cc understand -c and -o together
configure:3377: gcc -c conftest.c -o conftest2.o >&5
configure:3381: $? = 0
configure:3387: gcc -c conftest.c -o conftest2.o >&5
configure:3391: $? = 0
configure:3402: cc -c conftest.c >&5
configure:3406: $? = 0
configure:3414: cc -c conftest.c -o conftest2.o >&5
configure:3418: $? = 0
configure:3424: cc -c conftest.c -o conftest2.o >&5
configure:3428: $? = 0
configure:3446: result: yes
configure:3460: checking for system library directory
configure:3475: result: lib
configure:3482: checking if compiler supports -R
configure:3501: gcc -o conftest -Os -fomit-frame-pointer -Os -fomit-frame-pointer -Wl,--as-needed conftest.c -R /usr/lib  >&5
gcc: error: unrecognized command line option '-R'; did you mean '-R'?
configure:3501: $? = 1
configure: failed program was:
| /* confdefs.h */
| #define PACKAGE_NAME ""
| #define PACKAGE_TARNAME ""
| #define PACKAGE_VERSION ""
| #define PACKAGE_STRING ""
| #define PACKAGE_BUGREPORT ""
| #define PACKAGE_URL ""
| /* end confdefs.h.  */
| 
| int
| main ()
| {
| 
|   ;
|   return 0;
| }
configure:3511: result: no
configure:3516: checking if compiler supports -Wl,-rpath,
configure:3535: gcc -o conftest -Os -fomit-frame-pointer -Os -fomit-frame-pointer -Wl,--as-needed conftest.c -Wl,-rpath,/usr/lib  >&5
configure:3535: $? = 0
configure:3545: result: yes
configure:3590: checking build system type
configure:3604: result: x86_64-unknown-linux-gnu
configure:3624: checking host system type
configure:3637: result: x86_64-unknown-linux-gnu
configure:3657: checking target system type
configure:3670: result: x86_64-unknown-linux-gnu
configure:3773: checking for PHP prefix
configure:3775: result: /usr
configure:3777: checking for PHP includes
configure:3779: result: -I/usr/include/php7 -I/usr/include/php7/main -I/usr/include/php7/TSRM -I/usr/include/php7/Zend -I/usr/include/php7/ext -I/usr/include/php7/ext/date/lib
configure:3781: checking for PHP extension directory
configure:3783: result: /usr/lib/php7/modules
configure:3785: checking for PHP installed headers prefix
configure:3787: result: /usr/include/php7
configure:3790: checking if debug is enabled
configure:3816: result: no
configure:3819: checking if zts is enabled
configure:3845: result: no
configure:3916: checking for re2c
configure:3946: result: no
configure:3971: WARNING: You will need re2c 0.13.4 or later if you want to regenerate PHP parsers.
configure:3985: checking for gawk
configure:4016: result: no
configure:3985: checking for nawk
configure:4016: result: no
configure:3985: checking for awk
configure:4002: found /usr/bin/awk
configure:4013: result: awk
configure:4036: checking if awk is broken
configure:4043: result: no
configure:4057: checking whether to enable Xdebug support
configure:4096: result: yes, shared
configure:4103: checking Check for supported PHP versions
configure:4111: error: not supported. Need a PHP version >= 5.5.0 and < 7.2.0 (found 7.2.0)

## ---------------- ##
## Cache variables. ##
## ---------------- ##

ac_cv_build=x86_64-unknown-linux-gnu
ac_cv_c_compiler_gnu=yes
ac_cv_env_CC_set=set
ac_cv_env_CC_value=gcc
ac_cv_env_CFLAGS_set=set
ac_cv_env_CFLAGS_value='-Os -fomit-frame-pointer'
ac_cv_env_CPPFLAGS_set=set
ac_cv_env_CPPFLAGS_value='-Os -fomit-frame-pointer'
ac_cv_env_CPP_set=
ac_cv_env_CPP_value=
ac_cv_env_LDFLAGS_set=set
ac_cv_env_LDFLAGS_value=-Wl,--as-needed
ac_cv_env_LIBS_set=
ac_cv_env_LIBS_value=
ac_cv_env_build_alias_set=
ac_cv_env_build_alias_value=
ac_cv_env_host_alias_set=
ac_cv_env_host_alias_value=
ac_cv_env_target_alias_set=
ac_cv_env_target_alias_value=
ac_cv_host=x86_64-unknown-linux-gnu
ac_cv_objext=o
ac_cv_path_EGREP='/bin/grep -E'
ac_cv_path_GREP=/bin/grep
ac_cv_prog_AWK=awk
ac_cv_prog_CPP='gcc -E'
ac_cv_prog_cc_c89=
ac_cv_prog_cc_g=yes
ac_cv_prog_cc_gcc_c_o=yes
ac_cv_target=x86_64-unknown-linux-gnu
lt_cv_path_SED=/bin/sed
php_cv_cc_dashr=no
php_cv_cc_rpath=yes

## ----------------- ##
## Output variables. ##
## ----------------- ##

AR=''
AWK='awk'
CC='gcc'
CFLAGS='-Os -fomit-frame-pointer'
CONFIGURE_COMMAND=' '\''./configure'\''  '\''--prefix=/usr'\'' '\''--with-php-config=/usr/bin/php-config7'\'''
CONFIGURE_OPTIONS=' '\''--prefix=/usr'\'' '\''--with-php-config=/usr/bin/php-config7'\'''
CPP='gcc -E'
CPPFLAGS='-Os -fomit-frame-pointer'
DEFS=''
DSYMUTIL=''
ECHO='echo'
ECHO_C=''
ECHO_N='-n'
ECHO_T=''
EGREP='/bin/grep -E'
EXEEXT=''
GREP='/bin/grep'
LDFLAGS='-Wl,--as-needed'
LIBOBJS=''
LIBS=''
LIBTOOL=''
LN_S=''
LTLIBOBJS=''
NMEDIT=''
OBJEXT='o'
PACKAGE_BUGREPORT=''
PACKAGE_NAME=''
PACKAGE_STRING=''
PACKAGE_TARNAME=''
PACKAGE_URL=''
PACKAGE_VERSION=''
PATH_SEPARATOR=':'
RANLIB=''
RE2C='exit 0;'
SED='/bin/sed'
SHELL='/bin/bash'
SHLIB_DL_SUFFIX_NAME='so'
SHLIB_SUFFIX_NAME='so'
STRIP=''
ac_ct_CC=''
bindir='${exec_prefix}/bin'
build='x86_64-unknown-linux-gnu'
build_alias=''
build_cpu='x86_64'
build_os='linux-gnu'
build_vendor='unknown'
datadir='${datarootdir}'
datarootdir='${prefix}/share'
docdir='${datarootdir}/doc/${PACKAGE}'
dvidir='${docdir}'
exec_prefix='NONE'
host='x86_64-unknown-linux-gnu'
host_alias='x86_64-unknown-linux-gnu'
host_cpu='x86_64'
host_os='linux-gnu'
host_vendor='unknown'
htmldir='${docdir}'
includedir='${prefix}/include'
infodir='${datarootdir}/info'
libdir='${exec_prefix}/lib'
libexecdir='${exec_prefix}/libexec'
localedir='${datarootdir}/locale'
localstatedir='${prefix}/var'
mandir='${datarootdir}/man'
oldincludedir='/usr/include'
pdfdir='${docdir}'
prefix='/usr'
program_transform_name='s,x,x,'
psdir='${docdir}'
sbindir='${exec_prefix}/sbin'
sharedstatedir='${prefix}/com'
sysconfdir='${prefix}/etc'
target='x86_64-unknown-linux-gnu'
target_alias=''
target_cpu='x86_64'
target_os='linux-gnu'
target_vendor='unknown'

## ----------- ##
## confdefs.h. ##
## ----------- ##

/* confdefs.h */
#define PACKAGE_NAME ""
#define PACKAGE_TARNAME ""
#define PACKAGE_VERSION ""
#define PACKAGE_STRING ""
#define PACKAGE_BUGREPORT ""
#define PACKAGE_URL ""

configure: exit 1
